
  .   ____          _            __ _ _
 /\\ / ___'_ __ _ _(_)_ __  __ _ \ \ \ \
( ( )\___ | '_ | '_| | '_ \/ _` | \ \ \ \
 \\/  ___)| |_)| | | | | || (_| |  ) ) ) )
  '  |____| .__|_| |_|_| |_\__, | / / / /
 =========|_|==============|___/=/_/_/_/
 :: Spring Boot ::        (v2.0.5.RELEASE)

2018-11-15 19:43:46.468  INFO 12790 --- [           main] i.r.k.server.ChatApplicationKt           : Starting ChatApplicationKt on qqq with PID 12790 (/home/maximkras505/qqq/chat1/build/libs/chat1-1.0-SNAPSHOT.jar started by maximkras505 in /home/maximkras505/qqq/chat1)
2018-11-15 19:43:46.479  INFO 12790 --- [           main] i.r.k.server.ChatApplicationKt           : No active profile set, falling back to default profiles: default
2018-11-15 19:43:46.711  INFO 12790 --- [           main] ConfigServletWebServerApplicationContext : Refreshing org.springframework.boot.web.servlet.context.AnnotationConfigServletWebServerApplicationContext@68f7aae2: startup date [Thu Nov 15 19:43:46 UTC 2018]; root of context hierarchy
2018-11-15 19:43:52.097  INFO 12790 --- [           main] o.s.b.w.embedded.tomcat.TomcatWebServer  : Tomcat initialized with port(s): 8080 (http)
2018-11-15 19:43:52.198  INFO 12790 --- [           main] o.apache.catalina.core.StandardService   : Starting service [Tomcat]
2018-11-15 19:43:52.198  INFO 12790 --- [           main] org.apache.catalina.core.StandardEngine  : Starting Servlet Engine: Apache Tomcat/8.5.34
2018-11-15 19:43:52.233  INFO 12790 --- [ost-startStop-1] o.a.catalina.core.AprLifecycleListener   : The APR based Apache Tomcat Native library which allows optimal performance in production environments was not found on the java.library.path: [/usr/java/packages/lib/amd64:/usr/lib64:/lib64:/lib:/usr/lib]
2018-11-15 19:43:52.455  INFO 12790 --- [ost-startStop-1] o.a.c.c.C.[Tomcat].[localhost].[/]       : Initializing Spring embedded WebApplicationContext
2018-11-15 19:43:52.455  INFO 12790 --- [ost-startStop-1] o.s.web.context.ContextLoader            : Root WebApplicationContext: initialization completed in 5751 ms
2018-11-15 19:43:54.225  INFO 12790 --- [ost-startStop-1] o.s.b.w.servlet.FilterRegistrationBean   : Mapping filter: 'characterEncodingFilter' to: [/*]
2018-11-15 19:43:54.226  INFO 12790 --- [ost-startStop-1] o.s.b.w.servlet.FilterRegistrationBean   : Mapping filter: 'webMvcMetricsFilter' to: [/*]
2018-11-15 19:43:54.226  INFO 12790 --- [ost-startStop-1] o.s.b.w.servlet.FilterRegistrationBean   : Mapping filter: 'hiddenHttpMethodFilter' to: [/*]
2018-11-15 19:43:54.226  INFO 12790 --- [ost-startStop-1] o.s.b.w.servlet.FilterRegistrationBean   : Mapping filter: 'httpPutFormContentFilter' to: [/*]
2018-11-15 19:43:54.226  INFO 12790 --- [ost-startStop-1] o.s.b.w.servlet.FilterRegistrationBean   : Mapping filter: 'requestContextFilter' to: [/*]
2018-11-15 19:43:54.226  INFO 12790 --- [ost-startStop-1] o.s.b.w.servlet.FilterRegistrationBean   : Mapping filter: 'httpTraceFilter' to: [/*]
2018-11-15 19:43:54.226  INFO 12790 --- [ost-startStop-1] o.s.b.w.servlet.ServletRegistrationBean  : Servlet dispatcherServlet mapped to [/]
2018-11-15 19:43:54.645  INFO 12790 --- [           main] o.s.w.s.handler.SimpleUrlHandlerMapping  : Mapped URL path [/**/favicon.ico] onto handler of type [class org.springframework.web.servlet.resource.ResourceHttpRequestHandler]
2018-11-15 19:43:55.265  INFO 12790 --- [           main] s.w.s.m.m.a.RequestMappingHandlerAdapter : Looking for @ControllerAdvice: org.springframework.boot.web.servlet.context.AnnotationConfigServletWebServerApplicationContext@68f7aae2: startup date [Thu Nov 15 19:43:46 UTC 2018]; root of context hierarchy
2018-11-15 19:43:55.501  INFO 12790 --- [           main] s.w.s.m.m.a.RequestMappingHandlerMapping : Mapped "{[/chat/login],methods=[POST],consumes=[application/x-www-form-urlencoded]}" onto public org.springframework.http.ResponseEntity<java.lang.String> io.rybalkinsd.kotlinbootcamp.server.ChatController.login(java.lang.String)
2018-11-15 19:43:55.505  INFO 12790 --- [           main] s.w.s.m.m.a.RequestMappingHandlerMapping : Mapped "{[/chat/online],methods=[GET],produces=[text/plain]}" onto public org.springframework.http.ResponseEntity<java.lang.String> io.rybalkinsd.kotlinbootcamp.server.ChatController.online()
2018-11-15 19:43:55.507  INFO 12790 --- [           main] s.w.s.m.m.a.RequestMappingHandlerMapping : Mapped "{[/chat/say],methods=[POST],produces=[text/plain]}" onto public org.springframework.http.ResponseEntity<java.lang.String> io.rybalkinsd.kotlinbootcamp.server.ChatController.say(java.lang.String,java.lang.String)
2018-11-15 19:43:55.507  INFO 12790 --- [           main] s.w.s.m.m.a.RequestMappingHandlerMapping : Mapped "{[/chat/history],methods=[GET],produces=[text/plain]}" onto public java.lang.String io.rybalkinsd.kotlinbootcamp.server.ChatController.history()
2018-11-15 19:43:55.508  INFO 12790 --- [           main] s.w.s.m.m.a.RequestMappingHandlerMapping : Mapped "{[/chat/logout],methods=[POST],produces=[text/plain]}" onto public org.springframework.http.ResponseEntity<java.lang.String> io.rybalkinsd.kotlinbootcamp.server.ChatController.delete(java.lang.String)
2018-11-15 19:43:55.508  INFO 12790 --- [           main] s.w.s.m.m.a.RequestMappingHandlerMapping : Mapped "{[/chat/check],methods=[GET]}" onto public org.springframework.http.ResponseEntity$BodyBuilder io.rybalkinsd.kotlinbootcamp.server.ChatController.check(java.lang.String)
2018-11-15 19:43:55.525  INFO 12790 --- [           main] s.w.s.m.m.a.RequestMappingHandlerMapping : Mapped "{[/error],produces=[text/html]}" onto public org.springframework.web.servlet.ModelAndView org.springframework.boot.autoconfigure.web.servlet.error.BasicErrorController.errorHtml(javax.servlet.http.HttpServletRequest,javax.servlet.http.HttpServletResponse)
2018-11-15 19:43:55.525  INFO 12790 --- [           main] s.w.s.m.m.a.RequestMappingHandlerMapping : Mapped "{[/error]}" onto public org.springframework.http.ResponseEntity<java.util.Map<java.lang.String, java.lang.Object>> org.springframework.boot.autoconfigure.web.servlet.error.BasicErrorController.error(javax.servlet.http.HttpServletRequest)
2018-11-15 19:43:55.608  INFO 12790 --- [           main] o.s.w.s.handler.SimpleUrlHandlerMapping  : Mapped URL path [/webjars/**] onto handler of type [class org.springframework.web.servlet.resource.ResourceHttpRequestHandler]
2018-11-15 19:43:55.608  INFO 12790 --- [           main] o.s.w.s.handler.SimpleUrlHandlerMapping  : Mapped URL path [/**] onto handler of type [class org.springframework.web.servlet.resource.ResourceHttpRequestHandler]
2018-11-15 19:43:55.775  INFO 12790 --- [           main] o.s.b.a.w.s.WelcomePageHandlerMapping    : Adding welcome page: class path resource [static/index.html]
2018-11-15 19:43:56.429  INFO 12790 --- [           main] o.s.b.a.e.web.EndpointLinksResolver      : Exposing 2 endpoint(s) beneath base path '/actuator'
2018-11-15 19:43:56.455  INFO 12790 --- [           main] s.b.a.e.w.s.WebMvcEndpointHandlerMapping : Mapped "{[/actuator/health],methods=[GET],produces=[application/vnd.spring-boot.actuator.v2+json || application/json]}" onto public java.lang.Object org.springframework.boot.actuate.endpoint.web.servlet.AbstractWebMvcEndpointHandlerMapping$OperationHandler.handle(javax.servlet.http.HttpServletRequest,java.util.Map<java.lang.String, java.lang.String>)
2018-11-15 19:43:56.456  INFO 12790 --- [           main] s.b.a.e.w.s.WebMvcEndpointHandlerMapping : Mapped "{[/actuator/info],methods=[GET],produces=[application/vnd.spring-boot.actuator.v2+json || application/json]}" onto public java.lang.Object org.springframework.boot.actuate.endpoint.web.servlet.AbstractWebMvcEndpointHandlerMapping$OperationHandler.handle(javax.servlet.http.HttpServletRequest,java.util.Map<java.lang.String, java.lang.String>)
2018-11-15 19:43:56.457  INFO 12790 --- [           main] s.b.a.e.w.s.WebMvcEndpointHandlerMapping : Mapped "{[/actuator],methods=[GET],produces=[application/vnd.spring-boot.actuator.v2+json || application/json]}" onto protected java.util.Map<java.lang.String, java.util.Map<java.lang.String, org.springframework.boot.actuate.endpoint.web.Link>> org.springframework.boot.actuate.endpoint.web.servlet.WebMvcEndpointHandlerMapping.links(javax.servlet.http.HttpServletRequest,javax.servlet.http.HttpServletResponse)
2018-11-15 19:43:56.596  INFO 12790 --- [           main] o.s.j.e.a.AnnotationMBeanExporter        : Registering beans for JMX exposure on startup
2018-11-15 19:43:56.715  INFO 12790 --- [           main] o.s.b.w.embedded.tomcat.TomcatWebServer  : Tomcat started on port(s): 8080 (http) with context path ''
2018-11-15 19:43:56.720  INFO 12790 --- [           main] i.r.k.server.ChatApplicationKt           : Started ChatApplicationKt in 11.55 seconds (JVM running for 12.715)
2018-11-15 19:43:57.059  INFO 12790 --- [nio-8080-exec-1] o.a.c.c.C.[Tomcat].[localhost].[/]       : Initializing Spring FrameworkServlet 'dispatcherServlet'
2018-11-15 19:43:57.060  INFO 12790 --- [nio-8080-exec-1] o.s.web.servlet.DispatcherServlet        : FrameworkServlet 'dispatcherServlet': initialization started
2018-11-15 19:43:57.101  INFO 12790 --- [nio-8080-exec-1] o.s.web.servlet.DispatcherServlet        : FrameworkServlet 'dispatcherServlet': initialization completed in 41 ms
